[35m[1mScanning dependencies of target offb_node[0m
[ 33%] [32mBuilding CXX object CMakeFiles/offb_node.dir/src/offb_node.cpp.o[0m
[01m[K/home/karthikdharmarajan/Documents/Power_Line_Inspection/src/test/src/offb_node.cpp:[m[K In function â€˜[01m[Kint main(int, char**)[m[Kâ€™:
[01m[K/home/karthikdharmarajan/Documents/Power_Line_Inspection/src/test/src/offb_node.cpp:105:45:[m[K [01;31m[Kerror: [m[Kâ€˜[01m[Kcurrent_pose[m[Kâ€™ was not declared in this scope
   float deltaX = abs(pose.pose.position.x - [01;31m[Kcurrent_pose[m[K.pose.position.x);
                                             [01;31m[K^~~~~~~~~~~~[m[K
[01m[K/home/karthikdharmarajan/Documents/Power_Line_Inspection/src/test/src/offb_node.cpp:105:45:[m[K [01;36m[Knote: [m[Ksuggested alternative: â€˜[01m[Kcurrent_state[m[Kâ€™
   float deltaX = abs(pose.pose.position.x - [01;36m[Kcurrent_pose[m[K.pose.position.x);
                                             [01;36m[K^~~~~~~~~~~~[m[K
                                             [32m[Kcurrent_state[m[K
[01m[K/home/karthikdharmarajan/Documents/Power_Line_Inspection/src/test/src/offb_node.cpp:109:3:[m[K [01;31m[Kerror: [m[Kâ€˜[01m[Kcout[m[Kâ€™ was not declared in this scope
   [01;31m[Kcout[m[K << dMag << endl;
   [01;31m[K^~~~[m[K
[01m[K/home/karthikdharmarajan/Documents/Power_Line_Inspection/src/test/src/offb_node.cpp:109:3:[m[K [01;36m[Knote: [m[Ksuggested alternative:
In file included from [01m[K/opt/ros/melodic/include/ros/time.h:54:0[m[K,
                 from [01m[K/opt/ros/melodic/include/ros/ros.h:38[m[K,
                 from [01m[K/home/karthikdharmarajan/Documents/Power_Line_Inspection/src/test/src/offb_node.cpp:7[m[K:
[01m[K/usr/include/c++/7/iostream:61:18:[m[K [01;36m[Knote: [m[K  â€˜[01m[Kstd::cout[m[Kâ€™
   extern ostream [01;36m[Kcout[m[K;  /// Linked to standard output
                  [01;36m[K^~~~[m[K
[01m[K/home/karthikdharmarajan/Documents/Power_Line_Inspection/src/test/src/offb_node.cpp:109:19:[m[K [01;31m[Kerror: [m[Kâ€˜[01m[Kendl[m[Kâ€™ was not declared in this scope
   cout << dMag << [01;31m[Kendl[m[K;
                   [01;31m[K^~~~[m[K
[01m[K/home/karthikdharmarajan/Documents/Power_Line_Inspection/src/test/src/offb_node.cpp:109:19:[m[K [01;36m[Knote: [m[Ksuggested alternative:
In file included from [01m[K/usr/include/c++/7/iostream:39:0[m[K,
                 from [01m[K/opt/ros/melodic/include/ros/time.h:54[m[K,
                 from [01m[K/opt/ros/melodic/include/ros/ros.h:38[m[K,
                 from [01m[K/home/karthikdharmarajan/Documents/Power_Line_Inspection/src/test/src/offb_node.cpp:7[m[K:
[01m[K/usr/include/c++/7/ostream:590:5:[m[K [01;36m[Knote: [m[K  â€˜[01m[Kstd::endl[m[Kâ€™
     [01;36m[Kendl[m[K(basic_ostream<_CharT, _Traits>& __os)
     [01;36m[K^~~~[m[K
CMakeFiles/offb_node.dir/build.make:62: recipe for target 'CMakeFiles/offb_node.dir/src/offb_node.cpp.o' failed
CMakeFiles/Makefile2:2057: recipe for target 'CMakeFiles/offb_node.dir/all' failed
Makefile:140: recipe for target 'all' failed
make[2]: *** [CMakeFiles/offb_node.dir/src/offb_node.cpp.o] Error 1
make[1]: *** [CMakeFiles/offb_node.dir/all] Error 2
make: *** [all] Error 2
